<?xml version="1.0" encoding="UTF-8"?>
<testng-results ignored="0" total="1" passed="1" failed="0" skipped="0">
  <reporter-output>
  </reporter-output>
  <suite started-at="2021-12-22T11:01:59 IST" name="Default suite" finished-at="2021-12-22T11:02:43 IST" duration-ms="43826">
    <groups>
    </groups>
    <test started-at="2021-12-22T11:01:59 IST" name="Default test" finished-at="2021-12-22T11:02:43 IST" duration-ms="43826">
      <class name="Functionality.signin">
        <test-method signature="method()[pri:0, instance:Functionality.signin@3514a4c0]" started-at="2021-12-22T11:01:59 IST" name="method" finished-at="2021-12-22T11:02:43 IST" duration-ms="43729" status="PASS">
          <reporter-output>
          </reporter-output>
        </test-method> <!-- method -->
      </class> <!-- Functionality.signin -->
    </test> <!-- Default test -->
  </suite> <!-- Default suite -->
</testng-results>
